The program has crashed.
See the log file for a stack trace.
CRASH LOG FILE: /Users/apollov/Library/Application Support/Cataclysm/config/crash.log
VERSION: 0.E
TYPE: Signal
MESSAGE: SIGABRT: Abnormal termination
STACK TRACE:

    0   cataclysm-tiles                     0x000000010358b1cd _Z21debug_write_backtraceRNSt3__113basic_ostreamIcNS_11char_traitsIcEEEE + 57
    1   cataclysm-tiles                     0x0000000103572282 _ZL9log_crashPKcS0_ + 610
    2   cataclysm-tiles                     0x0000000103571f28 _ZL14signal_handleri + 66
    3   libsystem_platform.dylib            0x00007fff65c1ab5d _sigtramp + 29
    4   ???                                 0x0000000000000006 0x0 + 6
    5   libsystem_c.dylib                   0x00007fff65ad46a6 abort + 127
    6   libsystem_c.dylib                   0x00007fff65a9d20d basename_r + 0
    7   cataclysm-tiles                     0x00000001033a9169 _ZN18advanced_inventory13query_chargesE12aim_locationRK21advanced_inv_listitemRKNSt3__112basic_stringIcNS4_11char_traitsIcEENS4_9allocatorIcEEEERi + 1495
    8   cataclysm-tiles                     0x000000010339f1e6 _ZN18advanced_inventory7displayEv + 5546
    9   cataclysm-tiles                     0x000000010339dc02 _Z19create_advanced_invv + 35
    10  cataclysm-tiles                     0x0000000103398009 _ZNKSt3__18functionIFvP15player_activityP6playerEEclES2_S4_ + 39
    11  cataclysm-tiles                     0x0000000103cdabee _ZN15player_activity7do_turnER6player + 308
    12  cataclysm-tiles                     0x000000010366b0a1 _ZN4game16process_activityEv + 93
    13  cataclysm-tiles                     0x000000010366976b _ZN4game7do_turnEv + 603
    14  cataclysm-tiles                     0x0000000103905631 main + 3987
    15  libdyld.dylib                       0x00007fff65a2f3d5 start + 1
    16  ???                                 0x0000000000000001 0x0 + 1

    Attempting to repeat stack trace using debug symbols…
    backtrace: Could not extract binary name from line
    backtrace: Could not extract binary name from line
    backtrace: Could not extract binary name from line
    backtrace: Could not extract binary name from line
    backtrace: Could not extract binary name from line
    backtrace: Could not extract binary name from line
    backtrace: Could not extract binary name from line
    backtrace: Could not extract binary name from line
    backtrace: Could not extract binary name from line
    backtrace: Could not extract binary name from line
    backtrace: Could not extract binary name from line
    backtrace: Could not extract binary name from line
    backtrace: Could not extract binary name from line
    backtrace: Could not extract binary name from line
    backtrace: Could not extract binary name from line
    backtrace: Could not extract binary name from line
    backtrace: Could not extract binary name from line
